<?xml version="1.0" encoding="UTF-8"?>
<testng-results ignored="0" total="2" passed="2" failed="0" skipped="0">
  <reporter-output>
  </reporter-output>
  <suite started-at="2026-05-11T08:06:01 WIB" name="Playwright Suite" finished-at="2026-05-11T08:06:36 WIB" duration-ms="35620">
    <groups>
    </groups>
    <test started-at="2026-05-11T08:06:01 WIB" name="Playwright Tests" finished-at="2026-05-11T08:06:36 WIB" duration-ms="35620">
      <class name="tests.TestBooking">
        <test-method is-config="true" signature="setup()[pri:0, instance:tests.TestBooking@10d307f1]" started-at="2026-05-11T08:06:01 WIB" name="setup" finished-at="2026-05-11T08:06:17 WIB" duration-ms="15965" status="PASS">
          <reporter-output>
          </reporter-output>
        </test-method> <!-- setup -->
        <test-method is-config="true" signature="setupTest()[pri:0, instance:tests.TestBooking@10d307f1]" started-at="2026-05-11T08:06:17 WIB" name="setupTest" finished-at="2026-05-11T08:06:17 WIB" duration-ms="296" status="PASS">
          <reporter-output>
          </reporter-output>
        </test-method> <!-- setupTest -->
        <test-method signature="testBooking()[pri:0, instance:tests.TestBooking@10d307f1]" started-at="2026-05-11T08:06:17 WIB" name="testBooking" finished-at="2026-05-11T08:06:27 WIB" duration-ms="9399" status="PASS">
          <reporter-output>
          </reporter-output>
        </test-method> <!-- testBooking -->
        <test-method is-config="true" signature="tearDownTest(org.testng.ITestResult)[pri:0, instance:tests.TestBooking@10d307f1]" started-at="2026-05-11T08:06:27 WIB" name="tearDownTest" finished-at="2026-05-11T08:06:29 WIB" duration-ms="1820" status="PASS">
          <params>
            <param index="0">
              <value>
                <![CDATA[[TestResult name=testBooking status=SUCCESS method=TestBooking.testBooking()[pri:0, instance:tests.TestBooking@10d307f1] output={null}]]]>
              </value>
            </param>
          </params>
          <reporter-output>
          </reporter-output>
        </test-method> <!-- tearDownTest -->
        <test-method is-config="true" signature="setupTest()[pri:0, instance:tests.TestBooking@10d307f1]" started-at="2026-05-11T08:06:29 WIB" name="setupTest" finished-at="2026-05-11T08:06:29 WIB" duration-ms="155" status="PASS">
          <reporter-output>
          </reporter-output>
        </test-method> <!-- setupTest -->
        <test-method signature="testLoginFailed()[pri:0, instance:tests.TestBooking@10d307f1]" started-at="2026-05-11T08:06:29 WIB" name="testLoginFailed" finished-at="2026-05-11T08:06:36 WIB" duration-ms="7134" status="PASS">
          <reporter-output>
          </reporter-output>
        </test-method> <!-- testLoginFailed -->
        <test-method is-config="true" signature="tearDownTest(org.testng.ITestResult)[pri:0, instance:tests.TestBooking@10d307f1]" started-at="2026-05-11T08:06:36 WIB" name="tearDownTest" finished-at="2026-05-11T08:06:36 WIB" duration-ms="461" status="PASS">
          <params>
            <param index="0">
              <value>
                <![CDATA[[TestResult name=testLoginFailed status=SUCCESS method=TestBooking.testLoginFailed()[pri:0, instance:tests.TestBooking@10d307f1] output={null}]]]>
              </value>
            </param>
          </params>
          <reporter-output>
          </reporter-output>
        </test-method> <!-- tearDownTest -->
        <test-method is-config="true" signature="tearDown()[pri:0, instance:tests.TestBooking@10d307f1]" started-at="2026-05-11T08:06:36 WIB" name="tearDown" finished-at="2026-05-11T08:06:36 WIB" duration-ms="165" status="PASS">
          <reporter-output>
          </reporter-output>
        </test-method> <!-- tearDown -->
      </class> <!-- tests.TestBooking -->
    </test> <!-- Playwright Tests -->
  </suite> <!-- Playwright Suite -->
</testng-results>
