<?xml version="1.0" encoding="UTF-8"?>
<testng-results ignored="0" total="2" passed="2" failed="0" skipped="0">
  <reporter-output>
  </reporter-output>
  <suite started-at="2026-05-08T10:30:31 WIB" name="Default suite" finished-at="2026-05-08T10:30:48 WIB" duration-ms="17202">
    <groups>
    </groups>
    <test started-at="2026-05-08T10:30:31 WIB" name="Default test" finished-at="2026-05-08T10:30:48 WIB" duration-ms="17202">
      <class name="tests.TestBooking">
        <test-method is-config="true" signature="setup()[pri:0, instance:tests.TestBooking@3527942a]" started-at="2026-05-08T10:30:31 WIB" name="setup" finished-at="2026-05-08T10:30:37 WIB" duration-ms="6565" status="PASS">
          <reporter-output>
          </reporter-output>
        </test-method> <!-- setup -->
        <test-method is-config="true" signature="setupTest()[pri:0, instance:tests.TestBooking@3527942a]" started-at="2026-05-08T10:30:37 WIB" name="setupTest" finished-at="2026-05-08T10:30:38 WIB" duration-ms="441" status="PASS">
          <reporter-output>
          </reporter-output>
        </test-method> <!-- setupTest -->
        <test-method signature="testBooking()[pri:0, instance:tests.TestBooking@3527942a]" started-at="2026-05-08T10:30:38 WIB" name="testBooking" finished-at="2026-05-08T10:30:43 WIB" duration-ms="4942" status="PASS">
          <reporter-output>
          </reporter-output>
        </test-method> <!-- testBooking -->
        <test-method is-config="true" signature="tearDownTest(org.testng.ITestResult)[pri:0, instance:tests.TestBooking@3527942a]" started-at="2026-05-08T10:30:43 WIB" name="tearDownTest" finished-at="2026-05-08T10:30:43 WIB" duration-ms="161" status="PASS">
          <params>
            <param index="0">
              <value>
                <![CDATA[[TestResult name=testBooking status=SUCCESS method=TestBooking.testBooking()[pri:0, instance:tests.TestBooking@3527942a] output={null}]]]>
              </value>
            </param>
          </params>
          <reporter-output>
          </reporter-output>
        </test-method> <!-- tearDownTest -->
        <test-method is-config="true" signature="setupTest()[pri:0, instance:tests.TestBooking@3527942a]" started-at="2026-05-08T10:30:43 WIB" name="setupTest" finished-at="2026-05-08T10:30:43 WIB" duration-ms="290" status="PASS">
          <reporter-output>
          </reporter-output>
        </test-method> <!-- setupTest -->
        <test-method signature="testLoginFailed()[pri:0, instance:tests.TestBooking@3527942a]" started-at="2026-05-08T10:30:43 WIB" name="testLoginFailed" finished-at="2026-05-08T10:30:47 WIB" duration-ms="4231" status="PASS">
          <reporter-output>
          </reporter-output>
        </test-method> <!-- testLoginFailed -->
        <test-method is-config="true" signature="tearDownTest(org.testng.ITestResult)[pri:0, instance:tests.TestBooking@3527942a]" started-at="2026-05-08T10:30:47 WIB" name="tearDownTest" finished-at="2026-05-08T10:30:48 WIB" duration-ms="214" status="PASS">
          <params>
            <param index="0">
              <value>
                <![CDATA[[TestResult name=testLoginFailed status=SUCCESS method=TestBooking.testLoginFailed()[pri:0, instance:tests.TestBooking@3527942a] output={null}]]]>
              </value>
            </param>
          </params>
          <reporter-output>
          </reporter-output>
        </test-method> <!-- tearDownTest -->
        <test-method is-config="true" signature="tearDown()[pri:0, instance:tests.TestBooking@3527942a]" started-at="2026-05-08T10:30:48 WIB" name="tearDown" finished-at="2026-05-08T10:30:48 WIB" duration-ms="214" status="PASS">
          <reporter-output>
          </reporter-output>
        </test-method> <!-- tearDown -->
      </class> <!-- tests.TestBooking -->
    </test> <!-- Default test -->
  </suite> <!-- Default suite -->
</testng-results>
